\BOOKMARK [1][-]{section.1}{\376\377\000I\000n\000t\000r\000o\000d\000u\000c\000t\000i\000o\000n}{}% 1
\BOOKMARK [1][-]{section.2}{\376\377\000M\000e\000t\000h\000o\000d\000o\000l\000o\000g\000y}{}% 2
\BOOKMARK [2][-]{subsection.2.1}{\376\377\000S\000t\000u\000d\000y\000\040\000A\000r\000e\000a\000\040\000\040\000S\000a\000m\000p\000l\000e\000\040\000C\000o\000l\000l\000e\000c\000t\000i\000o\000n}{section.2}% 3
\BOOKMARK [2][-]{subsection.2.2}{\376\377\000C\000N\000N\000\040\000G\000N\000N\000\040\000M\000L\000P\000\040\000A\000l\000g\000o\000r\000i\000t\000h\000m}{section.2}% 4
\BOOKMARK [2][-]{subsection.2.3}{\376\377\000C\000N\000N\000,\000\040\000G\000N\000N\000,\000\040\000M\000L\000P\000\040\000w\000i\000t\000h\000\040\000P\000M\000F\000\040\000G\000W\000R\000\040\000A\000l\000g\000o\000r\000i\000t\000h\000m}{section.2}% 5
\BOOKMARK [2][-]{subsection.2.4}{\376\377\000C\000N\000N\000,\000\040\000G\000A\000T\000,\000\040\000M\000L\000P\000\040\000A\000l\000g\000o\000r\000i\000t\000h\000m}{section.2}% 6
\BOOKMARK [2][-]{subsection.2.5}{\376\377\000T\000r\000a\000n\000s\000f\000o\000r\000m\000e\000r\000\040\000C\000N\000N\000\040\000G\000N\000N\000\040\000M\000L\000P\000\040\000A\000l\000g\000o\000r\000i\000t\000h\000m}{section.2}% 7
\BOOKMARK [2][-]{subsection.2.6}{\376\377\000S\000t\000a\000c\000k\000e\000d\000\040\000C\000N\000N\000\040\000G\000N\000N\000\040\000M\000L\000P\000\040\000A\000l\000g\000o\000r\000i\000t\000h\000m}{section.2}% 8
\BOOKMARK [2][-]{subsection.2.7}{\376\377\000G\000N\000N\000\040\000M\000L\000P\000\040\000A\000u\000t\000o\000e\000n\000c\000o\000d\000e\000r\000\040\000A\000l\000g\000o\000r\000i\000t\000h\000m}{section.2}% 9
\BOOKMARK [2][-]{subsection.2.8}{\376\377\000M\000i\000x\000t\000u\000r\000e\000\040\000o\000f\000\040\000E\000x\000p\000e\000r\000t\000s\000\040\000A\000l\000g\000o\000r\000i\000t\000h\000m}{section.2}% 10
\BOOKMARK [2][-]{subsection.2.9}{\376\377\000D\000u\000a\000l\000\040\000A\000t\000t\000e\000n\000t\000i\000o\000n\000\040\000A\000l\000g\000o\000r\000i\000t\000h\000m}{section.2}% 11
\BOOKMARK [2][-]{subsection.2.10}{\376\377\000E\000v\000a\000l\000u\000a\000t\000i\000o\000n\000\040\000M\000e\000t\000r\000i\000c\000s}{section.2}% 12
\BOOKMARK [2][-]{subsection.2.11}{\376\377\000P\000e\000r\000m\000u\000t\000a\000t\000i\000o\000n\000\040\000F\000e\000a\000t\000u\000r\000e\000\040\000I\000m\000p\000o\000r\000t\000a\000n\000c\000e}{section.2}% 13
\BOOKMARK [2][-]{subsection.2.12}{\376\377\000L\000I\000M\000E\000\040\000\050\000L\000o\000c\000a\000l\000\040\000I\000n\000t\000e\000r\000p\000r\000e\000t\000a\000b\000l\000e\000\040\000M\000o\000d\000e\000l\000-\000a\000g\000n\000o\000s\000t\000i\000c\000\040\000E\000x\000p\000l\000a\000n\000a\000t\000i\000o\000n\000s\000\051}{section.2}% 14
\BOOKMARK [2][-]{subsection.2.13}{\376\377\000D\000a\000t\000a\000\040\000P\000o\000s\000t\000\040\000P\000r\000o\000c\000e\000s\000s\000i\000n\000g}{section.2}% 15
\BOOKMARK [1][-]{section.3}{\376\377\000R\000e\000s\000u\000l\000t\000s\000\040\000A\000n\000d\000\040\000D\000i\000s\000c\000u\000s\000s\000i\000o\000n}{}% 16
\BOOKMARK [2][-]{subsection.3.1}{\376\377\000H\000e\000a\000v\000y\000\040\000M\000e\000t\000a\000l\000\040\000D\000i\000s\000t\000r\000i\000b\000u\000t\000i\000o\000n}{section.3}% 17
\BOOKMARK [2][-]{subsection.3.2}{\376\377\000I\000g\000e\000o}{section.3}% 18
\BOOKMARK [2][-]{subsection.3.3}{\376\377\000E\000F}{section.3}% 19
\BOOKMARK [2][-]{subsection.3.4}{\376\377\000P\000L\000I}{section.3}% 20
\BOOKMARK [2][-]{subsection.3.5}{\376\377\000H\000e\000a\000l\000t\000h\000\040\000R\000i\000s\000k\000\040\000A\000s\000s\000e\000s\000s\000m\000e\000n\000t}{section.3}% 21
\BOOKMARK [2][-]{subsection.3.6}{\376\377\000P\000C\000A}{section.3}% 22
\BOOKMARK [2][-]{subsection.3.7}{\376\377\000M\000o\000n\000t\000e\000\040\000C\000a\000r\000l\000o}{section.3}% 23
\BOOKMARK [2][-]{subsection.3.8}{\376\377\000M\000o\000d\000e\000l\000\040\000P\000e\000r\000f\000o\000r\000m\000a\000n\000c\000e}{section.3}% 24
\BOOKMARK [2][-]{subsection.3.9}{\376\377\000S\000o\000u\000r\000c\000e\000\040\000A\000p\000p\000o\000r\000t\000i\000o\000n\000m\000e\000n\000t\000\040\000i\000n\000\040\000R\000a\000i\000n\000y\000\040\000S\000e\000a\000s\000o\000n}{section.3}% 25
\BOOKMARK [2][-]{subsection.3.10}{\376\377\000S\000o\000u\000r\000c\000e\000\040\000A\000p\000p\000o\000r\000t\000i\000o\000n\000m\000e\000n\000t\000\040\000i\000n\000\040\000W\000i\000n\000t\000e\000r\000\040\000S\000e\000a\000s\000o\000n}{section.3}% 26
\BOOKMARK [1][-]{section.4}{\376\377\000C\000o\000n\000c\000l\000u\000s\000i\000o\000n}{}% 27
